2023-08-25 00:01:15 info: 0ms Executed (default): SELECT 1+1 AS result
2023-08-25 00:01:17 info: 0ms Executed (default): SELECT 1+1 AS result
2023-08-25 00:02:15 info: 0ms Executed (default): SELECT 1+1 AS result
2023-08-25 00:02:17 info: 0ms Executed (default): SELECT 1+1 AS result
2023-08-25 00:03:13 info: 1ms Executed (default): SELECT 1+1 AS result
2023-08-25 00:03:15 info: 1ms Executed (default): SELECT 1+1 AS result
2023-08-25 00:04:07 info: 0ms Executed (default): SELECT 1+1 AS result
2023-08-25 00:04:09 info: 1ms Executed (default): SELECT 1+1 AS result
2023-08-25 00:05:41 info: 0ms Executed (default): SELECT 1+1 AS result
2023-08-25 00:06:52 info: 0ms Executed (default): SELECT 1+1 AS result
2023-08-25 00:07:31 info: 1ms Executed (default): SELECT 1+1 AS result
2023-08-25 00:10:32 info: 0ms Executed (default): SELECT 1+1 AS result
2023-08-25 00:10:33 info: 0ms Executed (default): SELECT 1+1 AS result
2023-08-25 00:10:54 info: 1ms Executed (default): SELECT 1+1 AS result
2023-08-25 00:10:55 info: 0ms Executed (default): SELECT 1+1 AS result
2023-08-25 00:13:28 info: 1ms Executed (default): SELECT 1+1 AS result
2023-08-25 00:13:29 info: 0ms Executed (default): SELECT 1+1 AS result
2023-08-25 00:19:57 info: 0ms Executed (default): SELECT 1+1 AS result
2023-08-25 00:21:24 info: 1ms Executed (default): SELECT 1+1 AS result
2023-08-25 00:21:25 info: 1ms Executed (default): SELECT 1+1 AS result
2023-08-25 00:22:00 info: =================================
2023-08-25 00:22:00 info: ======= ENV: development =======
2023-08-25 00:22:00 info: 🚀 App listening on the port 3000
2023-08-25 00:22:00 info: =================================
2023-08-25 00:22:00 info: 1ms Executed (default): SELECT 1+1 AS result
2023-08-25 00:22:00 info: 11ms Executed (default): SELECT table_name FROM information_schema.tables WHERE table_schema = 'public' AND table_name = 'users'
2023-08-25 00:22:00 info: 2ms Executed (default): SELECT t.typname enum_name, array_agg(e.enumlabel ORDER BY enumsortorder) enum_value FROM pg_type t JOIN pg_enum e ON t.oid = e.enumtypid JOIN pg_catalog.pg_namespace n ON n.oid = t.typnamespace WHERE n.nspname = 'public' AND t.typname='enum_users_role' GROUP BY 1
2023-08-25 00:22:00 info: 12ms Executed (default): SELECT DISTINCT tc.constraint_name as constraint_name, tc.constraint_schema as constraint_schema, tc.constraint_catalog as constraint_catalog, tc.table_name as table_name,tc.table_schema as table_schema,tc.table_catalog as table_catalog,tc.initially_deferred as initially_deferred,tc.is_deferrable as is_deferrable,kcu.column_name as column_name,ccu.table_schema  AS referenced_table_schema,ccu.table_catalog  AS referenced_table_catalog,ccu.table_name  AS referenced_table_name,ccu.column_name AS referenced_column_name FROM information_schema.table_constraints AS tc JOIN information_schema.key_column_usage AS kcu ON tc.constraint_name = kcu.constraint_name JOIN information_schema.constraint_column_usage AS ccu ON ccu.constraint_name = tc.constraint_name WHERE constraint_type = 'FOREIGN KEY' AND tc.table_name = 'users' AND tc.table_catalog = 'dev'
2023-08-25 00:22:00 info: 17ms Executed (default): SELECT pk.constraint_type as "Constraint",c.column_name as "Field", c.column_default as "Default",c.is_nullable as "Null", (CASE WHEN c.udt_name = 'hstore' THEN c.udt_name ELSE c.data_type END) || (CASE WHEN c.character_maximum_length IS NOT NULL THEN '(' || c.character_maximum_length || ')' ELSE '' END) as "Type", (SELECT array_agg(e.enumlabel) FROM pg_catalog.pg_type t JOIN pg_catalog.pg_enum e ON t.oid=e.enumtypid WHERE t.typname=c.udt_name) AS "special", (SELECT pgd.description FROM pg_catalog.pg_statio_all_tables AS st INNER JOIN pg_catalog.pg_description pgd on (pgd.objoid=st.relid) WHERE c.ordinal_position=pgd.objsubid AND c.table_name=st.relname) AS "Comment" FROM information_schema.columns c LEFT JOIN (SELECT tc.table_schema, tc.table_name, cu.column_name, tc.constraint_type FROM information_schema.TABLE_CONSTRAINTS tc JOIN information_schema.KEY_COLUMN_USAGE  cu ON tc.table_schema=cu.table_schema and tc.table_name=cu.table_name and tc.constraint_name=cu.constraint_name and tc.constraint_type='PRIMARY KEY') pk ON pk.table_schema=c.table_schema AND pk.table_name=c.table_name AND pk.column_name=c.column_name WHERE c.table_name = 'users' AND c.table_schema = 'public'
2023-08-25 00:22:00 info: 4ms Executed (default): ALTER TABLE "users" ALTER COLUMN "email" SET NOT NULL;ALTER TABLE "users" ALTER COLUMN "email" DROP DEFAULT;ALTER TABLE "users" ALTER COLUMN "email" TYPE VARCHAR(45);
2023-08-25 00:22:00 info: 0ms Executed (default): ALTER TABLE "users" ALTER COLUMN "password" SET NOT NULL;ALTER TABLE "users" ALTER COLUMN "password" DROP DEFAULT;ALTER TABLE "users" ALTER COLUMN "password" TYPE VARCHAR(255);
2023-08-25 00:22:00 info: 1ms Executed (default): ALTER TABLE "users" ALTER COLUMN "username" DROP NOT NULL;ALTER TABLE "users" ALTER COLUMN "username" DROP DEFAULT;ALTER TABLE "users" ALTER COLUMN "username" TYPE VARCHAR(255);
2023-08-25 00:22:00 info: 2ms Executed (default): ALTER TABLE "users" ALTER COLUMN "online" SET NOT NULL;ALTER TABLE "users" ALTER COLUMN "online" SET DEFAULT false;ALTER TABLE "users" ALTER COLUMN "online" TYPE BOOLEAN;
2023-08-25 00:22:00 info: 0ms Executed (default): ALTER TABLE "users" ALTER COLUMN "last_login" DROP NOT NULL;ALTER TABLE "users" ALTER COLUMN "last_login" DROP DEFAULT;ALTER TABLE "users" ALTER COLUMN "last_login" TYPE TIMESTAMP WITH TIME ZONE;
2023-08-25 00:22:00 info: 0ms Executed (default): ALTER TABLE "users" ALTER COLUMN "logout_timestamp" DROP NOT NULL;ALTER TABLE "users" ALTER COLUMN "logout_timestamp" DROP DEFAULT;ALTER TABLE "users" ALTER COLUMN "logout_timestamp" TYPE TIMESTAMP WITH TIME ZONE;
2023-08-25 00:22:00 info: 6ms Executed (default): ALTER TABLE "users" ALTER COLUMN "role" SET NOT NULL;ALTER TABLE "users" ALTER COLUMN "role" SET DEFAULT 'USER';DO 'BEGIN CREATE TYPE "public"."enum_users_role" AS ENUM(''USER'', ''ADMIN''); EXCEPTION WHEN duplicate_object THEN null; END';ALTER TABLE "users" ALTER COLUMN "role" TYPE "public"."enum_users_role" USING ("role"::"public"."enum_users_role");
2023-08-25 00:22:00 info: 0ms Executed (default): ALTER TABLE "users" ALTER COLUMN "created_at" SET NOT NULL;ALTER TABLE "users" ALTER COLUMN "created_at" DROP DEFAULT;ALTER TABLE "users" ALTER COLUMN "created_at" TYPE TIMESTAMP WITH TIME ZONE;
2023-08-25 00:22:00 info: 1ms Executed (default): ALTER TABLE "users" ALTER COLUMN "updated_at" SET NOT NULL;ALTER TABLE "users" ALTER COLUMN "updated_at" DROP DEFAULT;ALTER TABLE "users" ALTER COLUMN "updated_at" TYPE TIMESTAMP WITH TIME ZONE;
2023-08-25 00:22:00 info: 1ms Executed (default): ALTER TABLE "users" ALTER COLUMN "post_count" SET NOT NULL;ALTER TABLE "users" ALTER COLUMN "post_count" SET DEFAULT 0;ALTER TABLE "users" ALTER COLUMN "post_count" TYPE BIGINT;
2023-08-25 00:22:00 info: 2ms Executed (default): SELECT i.relname AS name, ix.indisprimary AS primary, ix.indisunique AS unique, ix.indkey AS indkey, array_agg(a.attnum) as column_indexes, array_agg(a.attname) AS column_names, pg_get_indexdef(ix.indexrelid) AS definition FROM pg_class t, pg_class i, pg_index ix, pg_attribute a WHERE t.oid = ix.indrelid AND i.oid = ix.indexrelid AND a.attrelid = t.oid AND t.relkind = 'r' and t.relname = 'users' GROUP BY i.relname, ix.indexrelid, ix.indisprimary, ix.indisunique, ix.indkey ORDER BY i.relname;
2023-08-25 00:22:00 info: 0ms Executed (default): SELECT table_name FROM information_schema.tables WHERE table_schema = 'public' AND table_name = 'posts'
2023-08-25 00:22:00 info: 3ms Executed (default): SELECT DISTINCT tc.constraint_name as constraint_name, tc.constraint_schema as constraint_schema, tc.constraint_catalog as constraint_catalog, tc.table_name as table_name,tc.table_schema as table_schema,tc.table_catalog as table_catalog,tc.initially_deferred as initially_deferred,tc.is_deferrable as is_deferrable,kcu.column_name as column_name,ccu.table_schema  AS referenced_table_schema,ccu.table_catalog  AS referenced_table_catalog,ccu.table_name  AS referenced_table_name,ccu.column_name AS referenced_column_name FROM information_schema.table_constraints AS tc JOIN information_schema.key_column_usage AS kcu ON tc.constraint_name = kcu.constraint_name JOIN information_schema.constraint_column_usage AS ccu ON ccu.constraint_name = tc.constraint_name WHERE constraint_type = 'FOREIGN KEY' AND tc.table_name = 'posts' AND tc.table_catalog = 'dev'
2023-08-25 00:22:00 info: 3ms Executed (default): SELECT pk.constraint_type as "Constraint",c.column_name as "Field", c.column_default as "Default",c.is_nullable as "Null", (CASE WHEN c.udt_name = 'hstore' THEN c.udt_name ELSE c.data_type END) || (CASE WHEN c.character_maximum_length IS NOT NULL THEN '(' || c.character_maximum_length || ')' ELSE '' END) as "Type", (SELECT array_agg(e.enumlabel) FROM pg_catalog.pg_type t JOIN pg_catalog.pg_enum e ON t.oid=e.enumtypid WHERE t.typname=c.udt_name) AS "special", (SELECT pgd.description FROM pg_catalog.pg_statio_all_tables AS st INNER JOIN pg_catalog.pg_description pgd on (pgd.objoid=st.relid) WHERE c.ordinal_position=pgd.objsubid AND c.table_name=st.relname) AS "Comment" FROM information_schema.columns c LEFT JOIN (SELECT tc.table_schema, tc.table_name, cu.column_name, tc.constraint_type FROM information_schema.TABLE_CONSTRAINTS tc JOIN information_schema.KEY_COLUMN_USAGE  cu ON tc.table_schema=cu.table_schema and tc.table_name=cu.table_name and tc.constraint_name=cu.constraint_name and tc.constraint_type='PRIMARY KEY') pk ON pk.table_schema=c.table_schema AND pk.table_name=c.table_name AND pk.column_name=c.column_name WHERE c.table_name = 'posts' AND c.table_schema = 'public'
2023-08-25 00:22:00 info: 0ms Executed (default): ALTER TABLE "posts" ALTER COLUMN "content" SET NOT NULL;ALTER TABLE "posts" ALTER COLUMN "content" DROP DEFAULT;ALTER TABLE "posts" ALTER COLUMN "content" TYPE TEXT;
2023-08-25 00:22:00 info: 0ms Executed (default): ALTER TABLE "posts" ALTER COLUMN "title" SET NOT NULL;ALTER TABLE "posts" ALTER COLUMN "title" DROP DEFAULT;ALTER TABLE "posts" ALTER COLUMN "title" TYPE TEXT;
2023-08-25 00:22:00 info: 0ms Executed (default): ALTER TABLE "posts" ALTER COLUMN "created_at" SET NOT NULL;ALTER TABLE "posts" ALTER COLUMN "created_at" DROP DEFAULT;ALTER TABLE "posts" ALTER COLUMN "created_at" TYPE TIMESTAMP WITH TIME ZONE;
2023-08-25 00:22:00 info: 0ms Executed (default): ALTER TABLE "posts" ALTER COLUMN "updated_at" SET NOT NULL;ALTER TABLE "posts" ALTER COLUMN "updated_at" DROP DEFAULT;ALTER TABLE "posts" ALTER COLUMN "updated_at" TYPE TIMESTAMP WITH TIME ZONE;
2023-08-25 00:22:00 info: 1ms Executed (default): ALTER TABLE "posts" DROP CONSTRAINT "posts_user_id_fkey"
2023-08-25 00:22:00 info: 3ms Executed (default): ALTER TABLE "posts"  ADD FOREIGN KEY ("user_id") REFERENCES "users" ("id") ON DELETE SET NULL ON UPDATE CASCADE;
2023-08-25 00:22:00 info: 1ms Executed (default): SELECT i.relname AS name, ix.indisprimary AS primary, ix.indisunique AS unique, ix.indkey AS indkey, array_agg(a.attnum) as column_indexes, array_agg(a.attname) AS column_names, pg_get_indexdef(ix.indexrelid) AS definition FROM pg_class t, pg_class i, pg_index ix, pg_attribute a WHERE t.oid = ix.indrelid AND i.oid = ix.indexrelid AND a.attrelid = t.oid AND t.relkind = 'r' and t.relname = 'posts' GROUP BY i.relname, ix.indexrelid, ix.indisprimary, ix.indisunique, ix.indkey ORDER BY i.relname;
2023-08-25 00:22:00 info: 0ms Executed (default): SELECT table_name FROM information_schema.tables WHERE table_schema = 'public' AND table_name = 'comments'
2023-08-25 00:22:00 info: 2ms Executed (default): SELECT DISTINCT tc.constraint_name as constraint_name, tc.constraint_schema as constraint_schema, tc.constraint_catalog as constraint_catalog, tc.table_name as table_name,tc.table_schema as table_schema,tc.table_catalog as table_catalog,tc.initially_deferred as initially_deferred,tc.is_deferrable as is_deferrable,kcu.column_name as column_name,ccu.table_schema  AS referenced_table_schema,ccu.table_catalog  AS referenced_table_catalog,ccu.table_name  AS referenced_table_name,ccu.column_name AS referenced_column_name FROM information_schema.table_constraints AS tc JOIN information_schema.key_column_usage AS kcu ON tc.constraint_name = kcu.constraint_name JOIN information_schema.constraint_column_usage AS ccu ON ccu.constraint_name = tc.constraint_name WHERE constraint_type = 'FOREIGN KEY' AND tc.table_name = 'comments' AND tc.table_catalog = 'dev'
2023-08-25 00:22:00 info: 3ms Executed (default): SELECT pk.constraint_type as "Constraint",c.column_name as "Field", c.column_default as "Default",c.is_nullable as "Null", (CASE WHEN c.udt_name = 'hstore' THEN c.udt_name ELSE c.data_type END) || (CASE WHEN c.character_maximum_length IS NOT NULL THEN '(' || c.character_maximum_length || ')' ELSE '' END) as "Type", (SELECT array_agg(e.enumlabel) FROM pg_catalog.pg_type t JOIN pg_catalog.pg_enum e ON t.oid=e.enumtypid WHERE t.typname=c.udt_name) AS "special", (SELECT pgd.description FROM pg_catalog.pg_statio_all_tables AS st INNER JOIN pg_catalog.pg_description pgd on (pgd.objoid=st.relid) WHERE c.ordinal_position=pgd.objsubid AND c.table_name=st.relname) AS "Comment" FROM information_schema.columns c LEFT JOIN (SELECT tc.table_schema, tc.table_name, cu.column_name, tc.constraint_type FROM information_schema.TABLE_CONSTRAINTS tc JOIN information_schema.KEY_COLUMN_USAGE  cu ON tc.table_schema=cu.table_schema and tc.table_name=cu.table_name and tc.constraint_name=cu.constraint_name and tc.constraint_type='PRIMARY KEY') pk ON pk.table_schema=c.table_schema AND pk.table_name=c.table_name AND pk.column_name=c.column_name WHERE c.table_name = 'comments' AND c.table_schema = 'public'
2023-08-25 00:22:00 info: 0ms Executed (default): ALTER TABLE "comments" ALTER COLUMN "content" SET NOT NULL;ALTER TABLE "comments" ALTER COLUMN "content" DROP DEFAULT;ALTER TABLE "comments" ALTER COLUMN "content" TYPE TEXT;
2023-08-25 00:22:00 info: 1ms Executed (default): ALTER TABLE "comments" ALTER COLUMN "created_at" SET NOT NULL;ALTER TABLE "comments" ALTER COLUMN "created_at" DROP DEFAULT;ALTER TABLE "comments" ALTER COLUMN "created_at" TYPE TIMESTAMP WITH TIME ZONE;
2023-08-25 00:22:00 info: 0ms Executed (default): ALTER TABLE "comments" ALTER COLUMN "updated_at" SET NOT NULL;ALTER TABLE "comments" ALTER COLUMN "updated_at" DROP DEFAULT;ALTER TABLE "comments" ALTER COLUMN "updated_at" TYPE TIMESTAMP WITH TIME ZONE;
2023-08-25 00:22:00 info: 0ms Executed (default): ALTER TABLE "comments" DROP CONSTRAINT "comments_user_id_fkey"
2023-08-25 00:22:00 info: 0ms Executed (default): ALTER TABLE "comments"  ADD FOREIGN KEY ("user_id") REFERENCES "users" ("id") ON DELETE SET NULL ON UPDATE CASCADE;
2023-08-25 00:22:00 info: 1ms Executed (default): ALTER TABLE "comments" DROP CONSTRAINT "comments_post_id_fkey"
2023-08-25 00:22:00 info: 1ms Executed (default): ALTER TABLE "comments"  ADD FOREIGN KEY ("post_id") REFERENCES "posts" ("id") ON DELETE SET NULL ON UPDATE CASCADE;
2023-08-25 00:22:00 info: 1ms Executed (default): SELECT i.relname AS name, ix.indisprimary AS primary, ix.indisunique AS unique, ix.indkey AS indkey, array_agg(a.attnum) as column_indexes, array_agg(a.attname) AS column_names, pg_get_indexdef(ix.indexrelid) AS definition FROM pg_class t, pg_class i, pg_index ix, pg_attribute a WHERE t.oid = ix.indrelid AND i.oid = ix.indexrelid AND a.attrelid = t.oid AND t.relkind = 'r' and t.relname = 'comments' GROUP BY i.relname, ix.indexrelid, ix.indisprimary, ix.indisunique, ix.indkey ORDER BY i.relname;
2023-08-25 00:22:05 error: [GET] /users/e8f38b9c-ecbb-4a1a-bef8-30608cb87b89/posts >> StatusCode:: 401, Message:: Wrong authentication token
2023-08-25 00:22:05 info: [0mGET /users/e8f38b9c-ecbb-4a1a-bef8-30608cb87b89/posts [33m401[0m 12.021 ms - 40[0m
2023-08-25 00:22:10 info: 2ms Executed (default): SELECT "id", "email", "password", "username", "online", "last_login" AS "lastLogin", "logout_timestamp" AS "logoutTimestamp", "role", "post_count" AS "postCount", "created_at" AS "createdAt", "updated_at" AS "updatedAt" FROM "users" AS "UserModel" WHERE "UserModel"."email" = 'felixhope30@gmaail.com' LIMIT 1;
2023-08-25 00:22:10 info: 2ms Executed (default): UPDATE "users" SET "last_login"=$1,"online"=$2,"updated_at"=$3 WHERE "id" = $4; "2023-08-25 08:22:10.947 +09:00", true, "2023-08-25 08:22:10.947 +09:00", "e8f38b9c-ecbb-4a1a-bef8-30608cb87b89"
2023-08-25 00:22:10 info: [0mPOST /auth/login [32m200[0m 117.252 ms - 565[0m
2023-08-25 00:22:22 info: 2ms Executed (default): SELECT "id", "email", "password", "username", "online", "last_login" AS "lastLogin", "logout_timestamp" AS "logoutTimestamp", "role", "post_count" AS "postCount", "created_at" AS "createdAt", "updated_at" AS "updatedAt" FROM "users" AS "UserModel" WHERE "UserModel"."id" = 'e8f38b9c-ecbb-4a1a-bef8-30608cb87b89';
2023-08-25 00:22:22 info: 1ms Executed (default): SELECT "id", "email", "password", "username", "online", "last_login" AS "lastLogin", "logout_timestamp" AS "logoutTimestamp", "role", "post_count" AS "postCount", "created_at" AS "createdAt", "updated_at" AS "updatedAt" FROM "users" AS "UserModel" WHERE "UserModel"."id" = 'e8f38b9c-ecbb-4a1a-bef8-30608cb87b89';
2023-08-25 00:22:22 info: 2ms Executed (default): SELECT "PostModel"."id", "PostModel"."content", "PostModel"."title", "PostModel"."created_at" AS "createdAt", "PostModel"."updated_at" AS "updatedAt", "PostModel"."user_id" AS "userId", "comments"."id" AS "comments.id", "comments"."content" AS "comments.content", "comments"."created_at" AS "comments.createdAt", "comments"."updated_at" AS "comments.updatedAt", "comments"."user_id" AS "comments.userId", "comments"."post_id" AS "comments.postId" FROM "posts" AS "PostModel" LEFT OUTER JOIN "comments" AS "comments" ON "PostModel"."id" = "comments"."post_id" WHERE "PostModel"."user_id" = 'e8f38b9c-ecbb-4a1a-bef8-30608cb87b89';
2023-08-25 00:22:22 info: [0mGET /users/e8f38b9c-ecbb-4a1a-bef8-30608cb87b89/posts [32m201[0m 39.737 ms - 1370[0m
2023-08-25 00:22:39 info: 3ms Executed (default): SELECT "id", "email", "password", "username", "online", "last_login" AS "lastLogin", "logout_timestamp" AS "logoutTimestamp", "role", "post_count" AS "postCount", "created_at" AS "createdAt", "updated_at" AS "updatedAt" FROM "users" AS "UserModel" WHERE "UserModel"."email" = 'felixhope31@gmaail.com' LIMIT 1;
2023-08-25 00:22:39 info: 2ms Executed (default): UPDATE "users" SET "last_login"=$1,"online"=$2,"updated_at"=$3 WHERE "id" = $4; "2023-08-25 08:22:39.823 +09:00", true, "2023-08-25 08:22:39.823 +09:00", "91c2f122-3666-4f4f-8f03-ab09d18e6056"
2023-08-25 00:22:39 info: [0mPOST /auth/login [32m200[0m 106.226 ms - 566[0m
2023-08-25 00:22:52 info: 3ms Executed (default): SELECT "id", "email", "password", "username", "online", "last_login" AS "lastLogin", "logout_timestamp" AS "logoutTimestamp", "role", "post_count" AS "postCount", "created_at" AS "createdAt", "updated_at" AS "updatedAt" FROM "users" AS "UserModel" WHERE "UserModel"."id" = '91c2f122-3666-4f4f-8f03-ab09d18e6056';
2023-08-25 00:22:52 info: 1ms Executed (default): SELECT "id", "content", "title", "created_at" AS "createdAt", "updated_at" AS "updatedAt", "user_id" AS "userId" FROM "posts" AS "PostModel" WHERE "PostModel"."id" = '3bf20bb2-542e-4e45-954d-29bcf0c8a467';
2023-08-25 00:22:52 info: 3ms Executed (default): INSERT INTO "comments" ("id","content","created_at","updated_at","user_id","post_id") VALUES ($1,$2,$3,$4,$5,$6) RETURNING "id","content","created_at","updated_at","user_id","post_id"; "842febfd-f439-4c5b-a671-54ef36f1ff07", "COMMENT 1", "2023-08-25 08:22:52.976 +09:00", "2023-08-25 08:22:52.976 +09:00", "91c2f122-3666-4f4f-8f03-ab09d18e6056", "3bf20bb2-542e-4e45-954d-29bcf0c8a467"
2023-08-25 00:22:52 info: [0mPOST /posts/3bf20bb2-542e-4e45-954d-29bcf0c8a467/comment [32m201[0m 29.917 ms - 241[0m
2023-08-25 00:22:57 info: 1ms Executed (default): SELECT "id", "email", "password", "username", "online", "last_login" AS "lastLogin", "logout_timestamp" AS "logoutTimestamp", "role", "post_count" AS "postCount", "created_at" AS "createdAt", "updated_at" AS "updatedAt" FROM "users" AS "UserModel" WHERE "UserModel"."id" = 'e8f38b9c-ecbb-4a1a-bef8-30608cb87b89';
2023-08-25 00:22:57 info: 2ms Executed (default): SELECT "id", "email", "password", "username", "online", "last_login" AS "lastLogin", "logout_timestamp" AS "logoutTimestamp", "role", "post_count" AS "postCount", "created_at" AS "createdAt", "updated_at" AS "updatedAt" FROM "users" AS "UserModel" WHERE "UserModel"."id" = 'e8f38b9c-ecbb-4a1a-bef8-30608cb87b89';
2023-08-25 00:22:57 info: 2ms Executed (default): SELECT "PostModel"."id", "PostModel"."content", "PostModel"."title", "PostModel"."created_at" AS "createdAt", "PostModel"."updated_at" AS "updatedAt", "PostModel"."user_id" AS "userId", "comments"."id" AS "comments.id", "comments"."content" AS "comments.content", "comments"."created_at" AS "comments.createdAt", "comments"."updated_at" AS "comments.updatedAt", "comments"."user_id" AS "comments.userId", "comments"."post_id" AS "comments.postId" FROM "posts" AS "PostModel" LEFT OUTER JOIN "comments" AS "comments" ON "PostModel"."id" = "comments"."post_id" WHERE "PostModel"."user_id" = 'e8f38b9c-ecbb-4a1a-bef8-30608cb87b89';
2023-08-25 00:22:57 info: [0mGET /users/e8f38b9c-ecbb-4a1a-bef8-30608cb87b89/posts [32m201[0m 10.873 ms - 1612[0m
